<?xml version="1.0" encoding="UTF-8"?>
<testsuite xmlns:xsi="http://www.w3.org/2001/XMLSchema-instance" xsi:noNamespaceSchemaLocation="https://maven.apache.org/surefire/maven-surefire-plugin/xsd/surefire-test-report-3.0.xsd" version="3.0" name="org.mps.ronqi2.ronQI2SilverTest" time="1.415" tests="10" errors="0" skipped="0" failures="0">
  <properties>
[...]
</properties>
  <testcase name="inicializar_TodoTrue_ReturnsTrue" classname="org.mps.ronqi2.ronQI2SilverTest" time="1.295">
    <system-err><![CDATA[WARNING: A Java agent has been loaded dynamically (C:\Users\mvict\.m2\repository\net\bytebuddy\byte-buddy-agent\1.14.9\byte-buddy-agent-1.14.9.jar)
WARNING: If a serviceability tool is in use, please run with -XX:+EnableDynamicAgentLoading to hide this warning
WARNING: If a serviceability tool is not in use, please run with -Djdk.instrument.traceUsage for more information
WARNING: Dynamic loading of agents will be disallowed by default in a future release
]]></system-err>
  </testcase>
  <testcase name="reconectar_DispositivoConectado_NoLlamaConectarSensorPresionYConectarSensorSonido" classname="org.mps.ronqi2.ronQI2SilverTest" time="0.016"/>
  <testcase name="inicializar_ConectarSensorPresionFalse_ReturnsFalse" classname="org.mps.ronqi2.ronQI2SilverTest" time="0.0"/>
  <testcase name="inicializar_TodoTrue_LlamaUnaVezConfigurarSensorPresion" classname="org.mps.ronqi2.ronQI2SilverTest" time="0.0"/>
  <testcase name="inicializar_ConectarSensorSonidoFalse_ReturnsFalse" classname="org.mps.ronqi2.ronQI2SilverTest" time="0.0"/>
  <testcase name="reconectar_ConectarSensorPresionFalse_ReturnsFalse" classname="org.mps.ronqi2.ronQI2SilverTest" time="0.0"/>
  <testcase name="inicializar_ConfigurarSensorSonidoFalse_ReturnsFalse" classname="org.mps.ronqi2.ronQI2SilverTest" time="0.001"/>
  <testcase name="reconectar_ConectarSensorSonidoFalse_ReturnsFalse" classname="org.mps.ronqi2.ronQI2SilverTest" time="0.0"/>
  <testcase name="inicializar_ConfigurarSensorPresionFalse_ReturnsFalse" classname="org.mps.ronqi2.ronQI2SilverTest" time="0.0"/>
  <testcase name="reconectar_DispositivoDesconectado_LlamaConectarSensorPresionYConectarSensorSonido" classname="org.mps.ronqi2.ronQI2SilverTest" time="0.016"/>
</testsuite>